<?xml version="1.0" encoding="UTF-8"?>
<!-- Generated by org.testng.reporters.JUnitReportReporter -->
<testsuite hostname="SeenaReddy" failures="0" tests="1" name="testScenarios.TestABC" time="0.007" errors="0" timestamp="2022-12-15T20:18:15 CST" skipped="0">
  <testcase classname="testScenarios.TestABC" name="test" time="0.007"/>
  <system-out/>
</testsuite> <!-- testScenarios.TestABC -->
