<?xml version="1.0" encoding="UTF-8"?>
<!-- Generated by org.testng.reporters.JUnitReportReporter -->
<testsuite hostname="SeenaReddy" failures="0" tests="4" name="testNG.Annotation_1" time="0.005" errors="0" timestamp="2022-11-08T19:25:46 CST" skipped="0">
  <testcase classname="testNG.Annotation_1" name="z" time="0.001"/>
  <system-out/>
  <testcase classname="testNG.Annotation_1" name="a" time="0.001"/>
  <system-out/>
  <testcase classname="testNG.Annotation_1" name="f" time="0.002"/>
  <system-out/>
  <testcase classname="testNG.Annotation_1" name="c" time="0.001"/>
  <system-out/>
</testsuite> <!-- testNG.Annotation_1 -->
