<?xml version="1.0" encoding="UTF-8"?>
<!-- Generated by org.testng.reporters.JUnitReportReporter -->
<testsuite hostname="SeenaReddy" failures="0" tests="2" name="testNG.Annotation_5" time="0.010" errors="0" timestamp="2022-11-09T19:19:29 CST" skipped="0">
  <testcase classname="testNG.Annotation_5" name="a" time="0.007"/>
  <system-out/>
  <testcase classname="testNG.Annotation_5" name="f" time="0.003"/>
  <system-out/>
</testsuite> <!-- testNG.Annotation_5 -->
