<?xml version="1.0" encoding="UTF-8"?>
<!-- Generated by org.testng.reporters.JUnitReportReporter -->
<testsuite hostname="SeenaReddy" failures="0" tests="1" name="actions.MoveToElement" time="8.649" errors="0" timestamp="2022-11-23T18:59:52 CST" skipped="0">
  <testcase classname="actions.MoveToElement" name="f" time="8.649"/>
  <system-out/>
</testsuite> <!-- actions.MoveToElement -->
