<?xml version="1.0" encoding="UTF-8"?>
<!-- Generated by org.testng.reporters.JUnitReportReporter -->
<testsuite hostname="SeenaReddy" failures="0" tests="1" name="dataDrivernFW.FBLOGIN_RetestingWithResults" time="37.691" errors="0" timestamp="2022-12-09T19:37:50 CST" skipped="0">
  <testcase classname="dataDrivernFW.FBLOGIN_RetestingWithResults" name="loginFB" time="37.691"/>
  <system-out/>
</testsuite> <!-- dataDrivernFW.FBLOGIN_RetestingWithResults -->
