<?xml version="1.0" encoding="UTF-8"?>
<!-- Generated by org.testng.reporters.JUnitReportReporter -->
<testsuite hostname="SeenaReddy" failures="0" tests="3" name="testNG.Annotation_3" time="0.012" errors="0" timestamp="2022-11-08T19:25:46 CST" skipped="0">
  <testcase classname="testNG.Annotation_3" name="f" time="0.004"/>
  <system-out/>
  <testcase classname="testNG.Annotation_3" name="m" time="0.001"/>
  <system-out/>
  <testcase classname="testNG.Annotation_3" name="a" time="0.007"/>
  <system-out/>
</testsuite> <!-- testNG.Annotation_3 -->
