<?xml version="1.0" encoding="UTF-8"?>
<!-- Generated by org.testng.reporters.JUnitReportReporter -->
<testsuite hostname="SeenaReddy" failures="0" tests="1" name="testNG.FBLOGIN_1" time="1.007" errors="0" timestamp="2022-12-15T20:17:01 CST" skipped="0">
  <testcase classname="testNG.FBLOGIN_1" name="loginFB" time="1.007"/>
  <system-out/>
</testsuite> <!-- testNG.FBLOGIN_1 -->
