<?xml version="1.0" encoding="UTF-8"?>
<!-- Generated by org.testng.reporters.JUnitReportReporter -->
<testsuite hostname="SeenaReddy" failures="0" tests="1" name="dataDrivernFW.FBLOGIN_Retesting" time="20.809" errors="0" timestamp="2022-12-08T19:25:23 CST" skipped="0">
  <testcase classname="dataDrivernFW.FBLOGIN_Retesting" name="loginFB" time="20.809"/>
  <system-out/>
</testsuite> <!-- dataDrivernFW.FBLOGIN_Retesting -->
