<?xml version="1.0" encoding="UTF-8"?>
<!-- Generated by org.testng.reporters.JUnitReportReporter -->
<testsuite hostname="SeenaReddy" failures="0" tests="1" name="testNG.NewTest1" time="0.006" errors="0" timestamp="2022-11-11T19:27:29 CST" skipped="0">
  <testcase classname="testNG.NewTest1" name="f" time="0.006"/>
  <system-out/>
</testsuite> <!-- testNG.NewTest1 -->
