<?xml version="1.0" encoding="UTF-8"?>
<!-- Generated by org.testng.reporters.JUnitReportReporter -->
<testsuite hostname="SeenaReddy" failures="0" tests="1" name="dataDrivernFW.OrangeHRMPAgeLogin" time="0.932" errors="0" timestamp="2022-12-09T20:11:52 CST" skipped="0">
  <testcase classname="dataDrivernFW.OrangeHRMPAgeLogin" name="login" time="0.932"/>
  <system-out/>
</testsuite> <!-- dataDrivernFW.OrangeHRMPAgeLogin -->
