<?xml version="1.0" encoding="UTF-8"?>
<!-- Generated by org.testng.reporters.JUnitReportReporter -->
<testsuite hostname="SeenaReddy" failures="0" tests="1" name="actions.DragAndDropSample" time="14.015" errors="0" timestamp="2022-11-23T19:16:27 CST" skipped="0">
  <testcase classname="actions.DragAndDropSample" name="f" time="14.015"/>
  <system-out/>
</testsuite> <!-- actions.DragAndDropSample -->
