<?xml version="1.0" encoding="UTF-8"?>
<!-- Generated by org.testng.reporters.JUnitReportReporter -->
<testsuite hostname="SeenaReddy" failures="0" tests="1" name="db.dbtoexcel2" time="2.055" errors="0" timestamp="2022-12-14T18:54:49 CST" skipped="0">
  <testcase classname="db.dbtoexcel2" name="f" time="2.055"/>
  <system-out/>
</testsuite> <!-- db.dbtoexcel2 -->
