<?xml version="1.0" encoding="UTF-8"?>
<!-- Generated by org.testng.reporters.JUnitReportReporter -->
<testsuite hostname="SeenaReddy" failures="0" tests="3" name="testNG.FBLOGIN_1" time="6.704" errors="0" timestamp="2022-11-08T19:30:45 CST" skipped="0">
  <testcase classname="testNG.FBLOGIN_1" name="loginFB" time="1.445"/>
  <system-out/>
  <testcase classname="testNG.FBLOGIN_1" name="loginFB" time="3.549"/>
  <system-out/>
  <testcase classname="testNG.FBLOGIN_1" name="loginFB" time="1.710"/>
  <system-out/>
</testsuite> <!-- testNG.FBLOGIN_1 -->
