<?xml version="1.0" encoding="UTF-8"?>
<!-- Generated by org.testng.reporters.JUnitReportReporter -->
<testsuite hostname="SeenaReddy" failures="0" tests="1" name="testNG.Annotation_4" time="0.013" errors="0" timestamp="2022-11-21T18:59:31 CST" skipped="0">
  <testcase classname="testNG.Annotation_4" name="b" time="0.013"/>
  <system-out/>
</testsuite> <!-- testNG.Annotation_4 -->
