<?xml version="1.0" encoding="UTF-8"?>
<!-- Generated by org.testng.reporters.JUnitReportReporter -->
<testsuite hostname="SeenaReddy" failures="0" tests="5" name="testNG.FB_Login_Retesting_WithDataProvider" time="3.481" errors="0" timestamp="2022-11-11T18:43:07 CST" skipped="0">
  <testcase classname="testNG.FB_Login_Retesting_WithDataProvider" name="retest1" time="0.001"/>
  <system-out/>
  <testcase classname="testNG.FB_Login_Retesting_WithDataProvider" name="retest" time="0.897"/>
  <system-out/>
  <testcase classname="testNG.FB_Login_Retesting_WithDataProvider" name="retest" time="1.484"/>
  <system-out/>
  <testcase classname="testNG.FB_Login_Retesting_WithDataProvider" name="retest" time="1.097"/>
  <system-out/>
  <testcase classname="testNG.FB_Login_Retesting_WithDataProvider" name="retest1" time="0.002"/>
  <system-out/>
</testsuite> <!-- testNG.FB_Login_Retesting_WithDataProvider -->
