<?xml version="1.0" encoding="UTF-8"?>
<!-- Generated by org.testng.reporters.JUnitReportReporter -->
<testsuite hostname="SeenaReddy" failures="0" tests="1" name="testNG.HeadlessBrowser" time="2.099" errors="0" timestamp="2022-12-15T18:43:33 CST" skipped="0">
  <testcase classname="testNG.HeadlessBrowser" name="f" time="2.099"/>
  <system-out/>
</testsuite> <!-- testNG.HeadlessBrowser -->
