<?xml version="1.0" encoding="UTF-8"?>
<!-- Generated by org.testng.reporters.JUnitReportReporter -->
<testsuite hostname="SeenaReddy" failures="0" tests="1" name="actions.CopyAndPaste" time="17.384" errors="0" timestamp="2022-11-23T19:29:43 CST" skipped="0">
  <testcase classname="actions.CopyAndPaste" name="f" time="17.384"/>
  <system-out/>
</testsuite> <!-- actions.CopyAndPaste -->
