<?xml version="1.0" encoding="UTF-8"?>
<!-- Generated by org.testng.reporters.JUnitReportReporter -->
<testsuite hostname="SeenaReddy" failures="0" tests="1" name="dataDrivernFW.FBLOGIN" time="0.716" errors="0" timestamp="2022-12-09T20:18:39 CST" skipped="0">
  <testcase classname="dataDrivernFW.FBLOGIN" name="loginFB" time="0.716"/>
  <system-out/>
</testsuite> <!-- dataDrivernFW.FBLOGIN -->
