<?xml version="1.0" encoding="UTF-8"?>
<!-- Generated by org.testng.reporters.JUnitReportReporter -->
<testsuite hostname="SeenaReddy" failures="0" tests="1" name="actions.DoubleClickSample" time="7.654" errors="0" timestamp="2022-11-23T19:10:14 CST" skipped="0">
  <testcase classname="actions.DoubleClickSample" name="f" time="7.654"/>
  <system-out/>
</testsuite> <!-- actions.DoubleClickSample -->
