<?xml version="1.0" encoding="UTF-8"?>
<!-- Generated by org.testng.reporters.JUnitReportReporter -->
<testsuite hostname="SeenaReddy" failures="0" tests="2" name="testNG.TestNG_Groups" time="0.017" errors="0" timestamp="2022-11-11T18:36:53 CST" skipped="0">
  <testcase classname="testNG.TestNG_Groups" name="tc_02" time="0.015"/>
  <system-out/>
  <testcase classname="testNG.TestNG_Groups" name="tc_03" time="0.002"/>
  <system-out/>
</testsuite> <!-- testNG.TestNG_Groups -->
