<?xml version="1.0" encoding="UTF-8"?>
<!-- Generated by org.testng.reporters.JUnitReportReporter -->
<testsuite hostname="SeenaReddy" failures="0" tests="1" name="testNG.SBI" time="17.188" errors="0" timestamp="2022-11-11T18:43:07 CST" skipped="0">
  <testcase classname="testNG.SBI" name="f" time="17.188"/>
  <system-out/>
</testsuite> <!-- testNG.SBI -->
